<?xml version="1.0" encoding="UTF-8"?>
<!-- Generated by org.testng.reporters.JUnitReportReporter -->
<testsuite hostname="DESKTOP-3EH7T8U" failures="0" tests="1" name="Mar25.Property_File" time="1.054" errors="0" timestamp="26 Mar 2023 08:26:32 GMT">
  <testcase classname="Mar25.Property_File" name="verifyLogin" time="1.054"/>
</testsuite> <!-- Mar25.Property_File -->
