<?xml version="1.0" encoding="UTF-8"?>
<!-- Generated by org.testng.reporters.JUnitReportReporter -->
<testsuite hostname="DESKTOP-3EH7T8U" failures="0" tests="2" name="Mar25.AdvanceReports" time="8.605" errors="0" timestamp="26 Mar 2023 12:48:31 GMT">
  <testcase classname="Mar25.AdvanceReports" name="testcase2" time="4.419"/>
  <testcase classname="Mar25.AdvanceReports" name="testcase1" time="4.186"/>
</testsuite> <!-- Mar25.AdvanceReports -->
